Circuit: * C:\Users\Ankan Mukherjee\OneDrive - Indian Institute of Technology Bombay\Ankan\Studies\IITB\SEM V\PH 435\Project\Amplifier\Instrumentation Amplifier.asc

Direct Newton iteration failed to find .op point.  (Use ".option noopiter" to skip.)
Starting Gmin stepping
Gmin = 10
Gmin = 1.07374
Gmin = 0.115292
Gmin = 0.0123794
Gmin = 0.00132923
Gmin = 0.000142725
Gmin = 1.5325e-005
Gmin = 1.6455e-006
Gmin = 1.76685e-007
Gmin = 1.89714e-008
Gmin = 2.03704e-009
Gmin = 2.18725e-010
Gmin = 2.34854e-011
Gmin = 2.52173e-012
Gmin = 2.70769e-013
Gmin = 0
Gmin stepping succeeded in finding the operating point.


Date: Thu Oct 14 22:16:15 2021
Total elapsed time: 0.323 seconds.

tnom = 27
temp = 27
method = modified trap
totiter = 38693
traniter = 38343
tranpoints = 17409
accept = 13873
rejected = 3536
matrix size = 27
fillins = 35
solver = Normal
Thread vector: 9.6/5.5[3] 1.4/1.0[3] 1.4/0.8[3] 0.1/0.5[1]  2592/500
Matrix Compiler1: 3.54 KB object code size  0.5/0.3/[0.2]
Matrix Compiler2: 3.61 KB object code size  0.3/0.6/[0.3]

